  reverse.cpp
C:\Users\cody\OneDrive\Desktop\reverse.cc free\reverse\reverse.h(233,22): warning C4244: '=': conversion from 'double' to 'float', possible loss of data
C:\Users\cody\OneDrive\Desktop\reverse.cc free\reverse\reverse.h(234,22): warning C4244: '=': conversion from 'double' to 'float', possible loss of data
C:\Users\cody\OneDrive\Desktop\reverse.cc free\reverse\reverse.h(235,22): warning C4244: '=': conversion from 'double' to 'float', possible loss of data
C:\Users\cody\OneDrive\Desktop\reverse.cc free\reverse\reverse.h(237,12): warning C4244: 'initializing': conversion from 'double' to 'float', possible loss of data
C:\Users\cody\OneDrive\Desktop\reverse.cc free\reverse\reverse.h(238,12): warning C4244: 'initializing': conversion from 'double' to 'float', possible loss of data
C:\Users\cody\OneDrive\Desktop\reverse.cc free\reverse\reverse.h(239,12): warning C4244: 'initializing': conversion from 'double' to 'float', possible loss of data
C:\Users\cody\OneDrive\Desktop\reverse.cc free\reverse\reverse.h(241,13): warning C4244: 'initializing': conversion from 'double' to 'float', possible loss of data
C:\Users\cody\OneDrive\Desktop\reverse.cc free\reverse\reverse.h(242,13): warning C4244: 'initializing': conversion from 'double' to 'float', possible loss of data
C:\Users\cody\OneDrive\Desktop\reverse.cc free\reverse\reverse.h(243,13): warning C4244: 'initializing': conversion from 'double' to 'float', possible loss of data
C:\Users\cody\OneDrive\Desktop\reverse.cc free\reverse\reverse.h(244,32): warning C4244: '=': conversion from 'double' to 'float', possible loss of data
C:\Users\cody\OneDrive\Desktop\reverse.cc free\reverse\reverse.h(245,32): warning C4244: '=': conversion from 'double' to 'float', possible loss of data
C:\Users\cody\OneDrive\Desktop\reverse.cc free\reverse\reverse.h(246,32): warning C4244: '=': conversion from 'double' to 'float', possible loss of data
C:\Users\cody\OneDrive\Desktop\reverse.cc free\reverse\reverse.h(248,13): warning C4244: 'initializing': conversion from 'double' to 'float', possible loss of data
C:\Users\cody\OneDrive\Desktop\reverse.cc free\reverse\reverse.h(249,13): warning C4244: 'initializing': conversion from 'double' to 'float', possible loss of data
C:\Users\cody\OneDrive\Desktop\reverse.cc free\reverse\reverse.h(250,23): warning C4244: '=': conversion from 'double' to 'float', possible loss of data
C:\Users\cody\OneDrive\Desktop\reverse.cc free\reverse\reverse.h(251,23): warning C4244: '=': conversion from 'double' to 'float', possible loss of data
C:\Users\cody\OneDrive\Desktop\reverse.cc free\reverse\reverse.h(253,13): warning C4244: 'initializing': conversion from 'double' to 'float', possible loss of data
C:\Users\cody\OneDrive\Desktop\reverse.cc free\reverse\reverse.h(254,13): warning C4244: 'initializing': conversion from 'double' to 'float', possible loss of data
C:\Users\cody\OneDrive\Desktop\reverse.cc free\reverse\reverse.h(255,23): warning C4244: '=': conversion from 'double' to 'float', possible loss of data
C:\Users\cody\OneDrive\Desktop\reverse.cc free\reverse\reverse.h(256,23): warning C4244: '=': conversion from 'double' to 'float', possible loss of data
C:\Users\cody\OneDrive\Desktop\reverse.cc free\reverse\reverse.h(258,13): warning C4244: 'initializing': conversion from 'double' to 'float', possible loss of data
C:\Users\cody\OneDrive\Desktop\reverse.cc free\reverse\reverse.h(259,13): warning C4244: 'initializing': conversion from 'double' to 'float', possible loss of data
C:\Users\cody\OneDrive\Desktop\reverse.cc free\reverse\reverse.h(260,23): warning C4244: '=': conversion from 'double' to 'float', possible loss of data
C:\Users\cody\OneDrive\Desktop\reverse.cc free\reverse\reverse.h(261,23): warning C4244: '=': conversion from 'double' to 'float', possible loss of data
C:\Users\cody\OneDrive\Desktop\reverse.cc free\reverse\reverse.h(302,74): warning C4267: 'argument': conversion from 'size_t' to 'int', possible loss of data
C:\Users\cody\OneDrive\Desktop\reverse.cc free\reverse\xor.hpp(211,22): warning C4244: 'return': conversion from 'int' to 'char', possible loss of data
C:\Program Files (x86)\Windows Kits\10\Include\10.0.22621.0\um\uxtheme.h(1600,57): warning C4459: declaration of 'hwnd' hides global declaration
C:\Users\cody\OneDrive\Desktop\reverse.cc free\reverse\reverse.h(26,6): message : see declaration of 'hwnd'
C:\Users\cody\OneDrive\Desktop\reverse.cc free\reverse\Keybind.h(55,22): warning C4100: 'blank': unreferenced formal parameter
C:\Users\cody\OneDrive\Desktop\reverse.cc free\reverse\Keybind.h(71,24): warning C4100: 'blank': unreferenced formal parameter
C:\Users\cody\OneDrive\Desktop\reverse.cc free\reverse\Keybind.h(87,25): warning C4100: 'blank': unreferenced formal parameter
C:\Users\cody\OneDrive\Desktop\reverse.cc free\reverse\Keybind.h(103,23): warning C4100: 'blank': unreferenced formal parameter
C:\Users\cody\OneDrive\Desktop\reverse.cc free\reverse\Keybind.h(119,26): warning C4100: 'blank': unreferenced formal parameter
C:\Users\cody\OneDrive\Desktop\reverse.cc free\reverse\Keybind.h(785,14): warning C4459: declaration of 'aimkeys' hides global declaration
C:\Users\cody\OneDrive\Desktop\reverse.cc free\reverse\reverse.h(44,20): message : see declaration of 'aimkeys'
reverse.cpp(62,59): warning C4099: 'Vector3': type name first seen using 'class' now seen using 'struct'
C:\Users\cody\OneDrive\Desktop\reverse.cc free\reverse\reverse.h(119,7): message : see declaration of 'Vector3'
reverse.cpp(63,62): warning C4099: 'Vector3': type name first seen using 'class' now seen using 'struct'
C:\Users\cody\OneDrive\Desktop\reverse.cc free\reverse\reverse.h(119,7): message : see declaration of 'Vector3'
reverse.cpp(78,25): warning C4100: 'in': unreferenced formal parameter
reverse.cpp(140,31): warning C4244: 'argument': conversion from 'float' to 'int', possible loss of data
reverse.cpp(172,17): warning C4244: 'initializing': conversion from 'double' to 'float', possible loss of data
reverse.cpp(173,15): warning C4244: 'initializing': conversion from 'double' to 'float', possible loss of data
reverse.cpp(174,16): warning C4244: 'initializing': conversion from 'double' to 'float', possible loss of data
reverse.cpp(199,25): warning C4244: '=': conversion from 'double' to 'float', possible loss of data
reverse.cpp(200,25): warning C4244: '=': conversion from 'double' to 'float', possible loss of data
reverse.cpp(201,25): warning C4244: '=': conversion from 'double' to 'float', possible loss of data
reverse.cpp(273,28): warning C4244: '=': conversion from 'double' to 'float', possible loss of data
reverse.cpp(274,23): warning C4244: '=': conversion from 'double' to 'float', possible loss of data
reverse.cpp(279,28): warning C4244: '=': conversion from 'double' to 'float', possible loss of data
reverse.cpp(280,23): warning C4244: '=': conversion from 'double' to 'float', possible loss of data
reverse.cpp(284,40): warning C4244: '=': conversion from 'double' to 'float', possible loss of data
reverse.cpp(285,28): warning C4244: '=': conversion from 'double' to 'float', possible loss of data
reverse.cpp(286,100): warning C4244: '=': conversion from 'double' to 'float', possible loss of data
reverse.cpp(350,140): warning C4305: 'argument': truncation from 'double' to 'float'
reverse.cpp(350,51): warning C4244: 'argument': conversion from 'int' to 'float', possible loss of data
reverse.cpp(350,46): warning C4244: 'argument': conversion from 'int' to 'float', possible loss of data
reverse.cpp(351,140): warning C4305: 'argument': truncation from 'double' to 'float'
reverse.cpp(351,51): warning C4244: 'argument': conversion from 'int' to 'float', possible loss of data
reverse.cpp(351,46): warning C4244: 'argument': conversion from 'int' to 'float', possible loss of data
reverse.cpp(352,140): warning C4305: 'argument': truncation from 'double' to 'float'
reverse.cpp(352,53): warning C4244: 'argument': conversion from 'int' to 'float', possible loss of data
reverse.cpp(352,48): warning C4244: 'argument': conversion from 'int' to 'float', possible loss of data
reverse.cpp(353,140): warning C4305: 'argument': truncation from 'double' to 'float'
reverse.cpp(353,53): warning C4244: 'argument': conversion from 'int' to 'float', possible loss of data
reverse.cpp(353,48): warning C4244: 'argument': conversion from 'int' to 'float', possible loss of data
reverse.cpp(354,49): warning C4244: 'argument': conversion from 'int' to 'float', possible loss of data
reverse.cpp(354,46): warning C4244: 'argument': conversion from 'int' to 'float', possible loss of data
reverse.cpp(359,38): warning C4244: 'argument': conversion from 'double' to 'float', possible loss of data
reverse.cpp(372,12): warning C4459: declaration of 'PlayerCameraManager' hides global declaration
reverse.cpp(49,11): message : see declaration of 'PlayerCameraManager'
reverse.cpp(378,77): warning C4244: 'argument': conversion from 'double' to 'T', possible loss of data
          with
          [
              T=float
          ]
reverse.cpp(379,77): warning C4244: 'argument': conversion from 'double' to 'T', possible loss of data
          with
          [
              T=float
          ]
reverse.cpp(381,82): warning C4244: 'argument': conversion from 'double' to 'T', possible loss of data
          with
          [
              T=float
          ]
reverse.cpp(382,82): warning C4244: 'argument': conversion from 'double' to 'T', possible loss of data
          with
          [
              T=float
          ]
reverse.cpp(432,154): warning C4244: 'argument': conversion from 'double' to 'float', possible loss of data
reverse.cpp(432,136): warning C4244: 'argument': conversion from 'double' to 'float', possible loss of data
reverse.cpp(432,118): warning C4244: 'argument': conversion from 'double' to 'float', possible loss of data
reverse.cpp(432,100): warning C4244: 'argument': conversion from 'double' to 'float', possible loss of data
reverse.cpp(432,49): warning C4244: 'argument': conversion from 'int' to 'float', possible loss of data
reverse.cpp(432,46): warning C4244: 'argument': conversion from 'int' to 'float', possible loss of data
reverse.cpp(465,172): warning C4244: 'argument': conversion from 'double' to 'float', possible loss of data
reverse.cpp(465,154): warning C4244: 'argument': conversion from 'double' to 'float', possible loss of data
reverse.cpp(465,136): warning C4244: 'argument': conversion from 'double' to 'float', possible loss of data
reverse.cpp(465,118): warning C4244: 'argument': conversion from 'double' to 'float', possible loss of data
reverse.cpp(465,183): warning C4244: 'argument': conversion from 'int' to 'float', possible loss of data
reverse.cpp(465,66): warning C4244: 'argument': conversion from 'int' to 'float', possible loss of data
reverse.cpp(465,62): warning C4244: 'argument': conversion from 'int' to 'float', possible loss of data
reverse.cpp(465,50): warning C4244: 'argument': conversion from 'int' to 'float', possible loss of data
reverse.cpp(465,46): warning C4244: 'argument': conversion from 'int' to 'float', possible loss of data
reverse.cpp(469,164): warning C4244: 'argument': conversion from 'double' to 'float', possible loss of data
reverse.cpp(469,146): warning C4244: 'argument': conversion from 'double' to 'float', possible loss of data
reverse.cpp(469,128): warning C4244: 'argument': conversion from 'double' to 'float', possible loss of data
reverse.cpp(469,110): warning C4244: 'argument': conversion from 'double' to 'float', possible loss of data
reverse.cpp(469,55): warning C4244: 'argument': conversion from 'int' to 'float', possible loss of data
reverse.cpp(469,51): warning C4244: 'argument': conversion from 'int' to 'float', possible loss of data
reverse.cpp(469,48): warning C4244: 'argument': conversion from 'int' to 'float', possible loss of data
reverse.cpp(474,200): warning C4244: 'argument': conversion from 'double' to 'float', possible loss of data
reverse.cpp(474,182): warning C4244: 'argument': conversion from 'double' to 'float', possible loss of data
reverse.cpp(474,164): warning C4244: 'argument': conversion from 'double' to 'float', possible loss of data
reverse.cpp(474,146): warning C4244: 'argument': conversion from 'double' to 'float', possible loss of data
reverse.cpp(475,176): warning C4244: 'argument': conversion from 'double' to 'float', possible loss of data
reverse.cpp(475,158): warning C4244: 'argument': conversion from 'double' to 'float', possible loss of data
reverse.cpp(475,140): warning C4244: 'argument': conversion from 'double' to 'float', possible loss of data
reverse.cpp(475,122): warning C4244: 'argument': conversion from 'double' to 'float', possible loss of data
reverse.cpp(479,75): warning C4244: 'argument': conversion from 'int' to 'float', possible loss of data
reverse.cpp(479,68): warning C4244: 'argument': conversion from 'int' to 'float', possible loss of data
reverse.cpp(479,55): warning C4244: 'argument': conversion from 'int' to 'float', possible loss of data
reverse.cpp(479,52): warning C4244: 'argument': conversion from 'int' to 'float', possible loss of data
reverse.cpp(494,14): warning C4244: 'initializing': conversion from 'int' to 'float', possible loss of data
reverse.cpp(495,14): warning C4244: 'initializing': conversion from 'int' to 'float', possible loss of data
reverse.cpp(498,158): warning C4305: 'argument': truncation from 'double' to 'float'
reverse.cpp(498,60): warning C4244: 'argument': conversion from 'int' to 'float', possible loss of data
reverse.cpp(498,49): warning C4244: 'argument': conversion from 'int' to 'float', possible loss of data
reverse.cpp(498,46): warning C4244: 'argument': conversion from 'int' to 'float', possible loss of data
reverse.cpp(499,158): warning C4305: 'argument': truncation from 'double' to 'float'
reverse.cpp(499,71): warning C4244: 'argument': conversion from 'int' to 'float', possible loss of data
reverse.cpp(499,49): warning C4244: 'argument': conversion from 'int' to 'float', possible loss of data
reverse.cpp(499,46): warning C4244: 'argument': conversion from 'int' to 'float', possible loss of data
reverse.cpp(500,166): warning C4305: 'argument': truncation from 'double' to 'float'
reverse.cpp(500,79): warning C4244: 'argument': conversion from 'int' to 'float', possible loss of data
reverse.cpp(500,74): warning C4244: 'argument': conversion from 'int' to 'float', possible loss of data
reverse.cpp(500,61): warning C4244: 'argument': conversion from 'int' to 'float', possible loss of data
reverse.cpp(501,166): warning C4305: 'argument': truncation from 'double' to 'float'
reverse.cpp(501,66): warning C4244: 'argument': conversion from 'int' to 'float', possible loss of data
reverse.cpp(501,53): warning C4244: 'argument': conversion from 'int' to 'float', possible loss of data
reverse.cpp(501,48): warning C4244: 'argument': conversion from 'int' to 'float', possible loss of data
reverse.cpp(502,166): warning C4305: 'argument': truncation from 'double' to 'float'
reverse.cpp(502,77): warning C4244: 'argument': conversion from 'int' to 'float', possible loss of data
reverse.cpp(502,72): warning C4244: 'argument': conversion from 'int' to 'float', possible loss of data
reverse.cpp(502,46): warning C4244: 'argument': conversion from 'int' to 'float', possible loss of data
reverse.cpp(503,166): warning C4305: 'argument': truncation from 'double' to 'float'
reverse.cpp(503,77): warning C4244: 'argument': conversion from 'int' to 'float', possible loss of data
reverse.cpp(503,51): warning C4244: 'argument': conversion from 'int' to 'float', possible loss of data
reverse.cpp(503,46): warning C4244: 'argument': conversion from 'int' to 'float', possible loss of data
reverse.cpp(504,174): warning C4305: 'argument': truncation from 'double' to 'float'
reverse.cpp(504,85): warning C4244: 'argument': conversion from 'int' to 'float', possible loss of data
reverse.cpp(504,78): warning C4244: 'argument': conversion from 'int' to 'float', possible loss of data
reverse.cpp(504,63): warning C4244: 'argument': conversion from 'int' to 'float', possible loss of data
reverse.cpp(505,174): warning C4305: 'argument': truncation from 'double' to 'float'
reverse.cpp(505,85): warning C4244: 'argument': conversion from 'int' to 'float', possible loss of data
reverse.cpp(505,78): warning C4244: 'argument': conversion from 'int' to 'float', possible loss of data
reverse.cpp(505,48): warning C4244: 'argument': conversion from 'int' to 'float', possible loss of data
reverse.cpp(509,102): warning C4244: 'argument': conversion from 'int' to 'float', possible loss of data
reverse.cpp(509,60): warning C4244: 'argument': conversion from 'int' to 'float', possible loss of data
reverse.cpp(509,49): warning C4244: 'argument': conversion from 'int' to 'float', possible loss of data
reverse.cpp(509,46): warning C4244: 'argument': conversion from 'int' to 'float', possible loss of data
reverse.cpp(510,102): warning C4244: 'argument': conversion from 'int' to 'float', possible loss of data
reverse.cpp(510,71): warning C4244: 'argument': conversion from 'int' to 'float', possible loss of data
reverse.cpp(510,49): warning C4244: 'argument': conversion from 'int' to 'float', possible loss of data
reverse.cpp(510,46): warning C4244: 'argument': conversion from 'int' to 'float', possible loss of data
reverse.cpp(511,110): warning C4244: 'argument': conversion from 'int' to 'float', possible loss of data
reverse.cpp(511,79): warning C4244: 'argument': conversion from 'int' to 'float', possible loss of data
reverse.cpp(511,74): warning C4244: 'argument': conversion from 'int' to 'float', possible loss of data
reverse.cpp(511,61): warning C4244: 'argument': conversion from 'int' to 'float', possible loss of data
reverse.cpp(512,110): warning C4244: 'argument': conversion from 'int' to 'float', possible loss of data
reverse.cpp(512,66): warning C4244: 'argument': conversion from 'int' to 'float', possible loss of data
reverse.cpp(512,53): warning C4244: 'argument': conversion from 'int' to 'float', possible loss of data
reverse.cpp(512,48): warning C4244: 'argument': conversion from 'int' to 'float', possible loss of data
reverse.cpp(513,110): warning C4244: 'argument': conversion from 'int' to 'float', possible loss of data
reverse.cpp(513,77): warning C4244: 'argument': conversion from 'int' to 'float', possible loss of data
reverse.cpp(513,72): warning C4244: 'argument': conversion from 'int' to 'float', possible loss of data
reverse.cpp(513,46): warning C4244: 'argument': conversion from 'int' to 'float', possible loss of data
reverse.cpp(514,110): warning C4244: 'argument': conversion from 'int' to 'float', possible loss of data
reverse.cpp(514,77): warning C4244: 'argument': conversion from 'int' to 'float', possible loss of data
reverse.cpp(514,51): warning C4244: 'argument': conversion from 'int' to 'float', possible loss of data
reverse.cpp(514,46): warning C4244: 'argument': conversion from 'int' to 'float', possible loss of data
reverse.cpp(515,118): warning C4244: 'argument': conversion from 'int' to 'float', possible loss of data
reverse.cpp(515,85): warning C4244: 'argument': conversion from 'int' to 'float', possible loss of data
reverse.cpp(515,78): warning C4244: 'argument': conversion from 'int' to 'float', possible loss of data
reverse.cpp(515,63): warning C4244: 'argument': conversion from 'int' to 'float', possible loss of data
reverse.cpp(516,118): warning C4244: 'argument': conversion from 'int' to 'float', possible loss of data
reverse.cpp(516,85): warning C4244: 'argument': conversion from 'int' to 'float', possible loss of data
reverse.cpp(516,78): warning C4244: 'argument': conversion from 'int' to 'float', possible loss of data
reverse.cpp(516,48): warning C4244: 'argument': conversion from 'int' to 'float', possible loss of data
reverse.cpp(829,15): warning C4244: 'initializing': conversion from 'float' to 'int', possible loss of data
reverse.cpp(827,41): warning C4100: 'playercontroller': unreferenced formal parameter
reverse.cpp(871,8): warning C4459: declaration of 'ScreenCenterX' hides global declaration
reverse.cpp(58,7): message : see declaration of 'ScreenCenterX'
reverse.cpp(871,22): warning C4244: 'initializing': conversion from 'int' to 'float', possible loss of data
reverse.cpp(872,8): warning C4459: declaration of 'ScreenCenterY' hides global declaration
reverse.cpp(59,7): message : see declaration of 'ScreenCenterY'
reverse.cpp(872,22): warning C4244: 'initializing': conversion from 'int' to 'float', possible loss of data
reverse.cpp(873,15): warning C4244: 'initializing': conversion from 'float' to 'int', possible loss of data
reverse.cpp(922,36): warning C4244: 'argument': conversion from 'double' to 'float', possible loss of data
reverse.cpp(922,21): warning C4244: 'argument': conversion from 'double' to 'float', possible loss of data
reverse.cpp(946,12): warning C4459: declaration of 'PlayerCameraManager' hides global declaration
reverse.cpp(49,11): message : see declaration of 'PlayerCameraManager'
reverse.cpp(954,170): warning C4244: 'argument': conversion from 'double' to 'float', possible loss of data
reverse.cpp(954,152): warning C4244: 'argument': conversion from 'double' to 'float', possible loss of data
reverse.cpp(954,134): warning C4244: 'argument': conversion from 'double' to 'float', possible loss of data
reverse.cpp(954,116): warning C4244: 'argument': conversion from 'double' to 'float', possible loss of data
reverse.cpp(954,61): warning C4244: 'argument': conversion from 'int' to 'float', possible loss of data
reverse.cpp(954,57): warning C4244: 'argument': conversion from 'int' to 'float', possible loss of data
reverse.cpp(954,54): warning C4244: 'argument': conversion from 'int' to 'float', possible loss of data
reverse.cpp(980,17): warning C4244: 'initializing': conversion from 'double' to 'float', possible loss of data
reverse.cpp(985,35): warning C4244: 'argument': conversion from 'double' to 'float', possible loss of data
reverse.cpp(985,20): warning C4244: 'argument': conversion from 'double' to 'float', possible loss of data
reverse.cpp(992,53): warning C4244: 'argument': conversion from 'int' to 'float', possible loss of data
reverse.cpp(992,48): warning C4244: 'argument': conversion from 'int' to 'float', possible loss of data
reverse.cpp(993,53): warning C4244: 'argument': conversion from 'int' to 'float', possible loss of data
reverse.cpp(993,48): warning C4244: 'argument': conversion from 'int' to 'float', possible loss of data
reverse.cpp(994,51): warning C4244: 'argument': conversion from 'int' to 'float', possible loss of data
reverse.cpp(994,46): warning C4244: 'argument': conversion from 'int' to 'float', possible loss of data
reverse.cpp(995,51): warning C4244: 'argument': conversion from 'int' to 'float', possible loss of data
reverse.cpp(995,46): warning C4244: 'argument': conversion from 'int' to 'float', possible loss of data
reverse.cpp(996,49): warning C4244: 'argument': conversion from 'int' to 'float', possible loss of data
reverse.cpp(996,46): warning C4244: 'argument': conversion from 'int' to 'float', possible loss of data
reverse.cpp(1000,164): warning C4244: 'argument': conversion from 'double' to 'float', possible loss of data
reverse.cpp(1000,146): warning C4244: 'argument': conversion from 'double' to 'float', possible loss of data
reverse.cpp(1000,128): warning C4244: 'argument': conversion from 'double' to 'float', possible loss of data
reverse.cpp(1000,110): warning C4244: 'argument': conversion from 'double' to 'float', possible loss of data
reverse.cpp(1000,55): warning C4244: 'argument': conversion from 'int' to 'float', possible loss of data
reverse.cpp(1000,51): warning C4244: 'argument': conversion from 'int' to 'float', possible loss of data
reverse.cpp(1000,48): warning C4244: 'argument': conversion from 'int' to 'float', possible loss of data
reverse.cpp(1004,164): warning C4244: 'argument': conversion from 'double' to 'float', possible loss of data
reverse.cpp(1004,146): warning C4244: 'argument': conversion from 'double' to 'float', possible loss of data
reverse.cpp(1004,128): warning C4244: 'argument': conversion from 'double' to 'float', possible loss of data
reverse.cpp(1004,110): warning C4244: 'argument': conversion from 'double' to 'float', possible loss of data
reverse.cpp(1004,55): warning C4244: 'argument': conversion from 'int' to 'float', possible loss of data
reverse.cpp(1004,51): warning C4244: 'argument': conversion from 'int' to 'float', possible loss of data
reverse.cpp(1004,48): warning C4244: 'argument': conversion from 'int' to 'float', possible loss of data
reverse.cpp(1008,182): warning C4244: 'argument': conversion from 'double' to 'float', possible loss of data
reverse.cpp(1008,164): warning C4244: 'argument': conversion from 'double' to 'float', possible loss of data
reverse.cpp(1008,146): warning C4244: 'argument': conversion from 'double' to 'float', possible loss of data
reverse.cpp(1008,128): warning C4244: 'argument': conversion from 'double' to 'float', possible loss of data
reverse.cpp(1008,75): warning C4244: 'argument': conversion from 'int' to 'float', possible loss of data
reverse.cpp(1008,68): warning C4244: 'argument': conversion from 'int' to 'float', possible loss of data
reverse.cpp(1008,55): warning C4244: 'argument': conversion from 'int' to 'float', possible loss of data
reverse.cpp(1008,52): warning C4244: 'argument': conversion from 'int' to 'float', possible loss of data
reverse.cpp(1013,28): warning C4838: conversion from 'float' to 'DWORD' requires a narrowing conversion
reverse.cpp(1013,28): warning C4244: 'initializing': conversion from 'float' to 'DWORD', possible loss of data
reverse.cpp(1013,48): warning C4838: conversion from 'float' to 'DWORD' requires a narrowing conversion
reverse.cpp(1013,48): warning C4244: 'initializing': conversion from 'float' to 'DWORD', possible loss of data
reverse.cpp(1013,68): warning C4838: conversion from 'float' to 'DWORD' requires a narrowing conversion
reverse.cpp(1013,68): warning C4244: 'initializing': conversion from 'float' to 'DWORD', possible loss of data
reverse.cpp(1017,43): warning C4244: 'argument': conversion from 'float' to 'int', possible loss of data
reverse.cpp(1059,20): warning C4018: '<': signed/unsigned mismatch
reverse.cpp(1082,23): warning C4244: 'initializing': conversion from 'double' to 'float', possible loss of data
reverse.cpp(1083,22): warning C4244: 'initializing': conversion from 'double' to 'float', possible loss of data
reverse.cpp(1092,76): warning C4244: 'argument': conversion from 'float' to 'int', possible loss of data
reverse.cpp(1092,63): warning C4244: 'argument': conversion from 'float' to 'int', possible loss of data
reverse.cpp(1092,59): warning C4244: 'argument': conversion from 'double' to 'int', possible loss of data
reverse.cpp(1092,31): warning C4244: 'argument': conversion from 'double' to 'int', possible loss of data
reverse.cpp(1097,76): warning C4244: 'argument': conversion from 'float' to 'int', possible loss of data
reverse.cpp(1097,63): warning C4244: 'argument': conversion from 'float' to 'int', possible loss of data
reverse.cpp(1097,59): warning C4244: 'argument': conversion from 'double' to 'int', possible loss of data
reverse.cpp(1097,31): warning C4244: 'argument': conversion from 'double' to 'int', possible loss of data
reverse.cpp(1103,118): warning C4244: 'argument': conversion from 'double' to 'int', possible loss of data
reverse.cpp(1103,78): warning C4244: 'argument': conversion from 'float' to 'int', possible loss of data
reverse.cpp(1103,65): warning C4244: 'argument': conversion from 'float' to 'int', possible loss of data
reverse.cpp(1103,61): warning C4244: 'argument': conversion from 'double' to 'int', possible loss of data
reverse.cpp(1103,33): warning C4244: 'argument': conversion from 'double' to 'int', possible loss of data
reverse.cpp(1104,76): warning C4244: 'argument': conversion from 'float' to 'int', possible loss of data
reverse.cpp(1104,63): warning C4244: 'argument': conversion from 'float' to 'int', possible loss of data
reverse.cpp(1104,59): warning C4244: 'argument': conversion from 'double' to 'int', possible loss of data
reverse.cpp(1104,31): warning C4244: 'argument': conversion from 'double' to 'int', possible loss of data
reverse.cpp(1107,119): warning C4244: 'argument': conversion from 'double' to 'int', possible loss of data
reverse.cpp(1107,79): warning C4244: 'argument': conversion from 'float' to 'int', possible loss of data
reverse.cpp(1107,66): warning C4244: 'argument': conversion from 'float' to 'int', possible loss of data
reverse.cpp(1107,62): warning C4244: 'argument': conversion from 'double' to 'int', possible loss of data
reverse.cpp(1107,34): warning C4244: 'argument': conversion from 'double' to 'int', possible loss of data
reverse.cpp(1111,123): warning C4244: 'argument': conversion from 'double' to 'int', possible loss of data
reverse.cpp(1111,79): warning C4244: 'argument': conversion from 'float' to 'int', possible loss of data
reverse.cpp(1111,66): warning C4244: 'argument': conversion from 'float' to 'int', possible loss of data
reverse.cpp(1111,62): warning C4244: 'argument': conversion from 'double' to 'int', possible loss of data
reverse.cpp(1111,34): warning C4244: 'argument': conversion from 'double' to 'int', possible loss of data
reverse.cpp(1119,70): warning C4244: 'argument': conversion from 'double' to 'int', possible loss of data
reverse.cpp(1119,56): warning C4244: 'argument': conversion from 'double' to 'int', possible loss of data
reverse.cpp(1119,46): warning C4244: 'argument': conversion from 'double' to 'int', possible loss of data
reverse.cpp(1123,72): warning C4244: 'argument': conversion from 'double' to 'int', possible loss of data
reverse.cpp(1123,56): warning C4244: 'argument': conversion from 'double' to 'int', possible loss of data
reverse.cpp(1123,46): warning C4244: 'argument': conversion from 'double' to 'int', possible loss of data
reverse.cpp(1129,80): warning C4244: 'argument': conversion from 'float' to 'int', possible loss of data
reverse.cpp(1129,44): warning C4244: 'argument': conversion from 'double' to 'int', possible loss of data
reverse.cpp(1129,28): warning C4244: 'argument': conversion from 'double' to 'int', possible loss of data
reverse.cpp(1135,30): warning C4244: 'argument': conversion from 'double' to 'float', possible loss of data
reverse.cpp(1153,143): warning C4244: 'argument': conversion from 'double' to 'float', possible loss of data
reverse.cpp(1153,132): warning C4244: 'argument': conversion from 'double' to 'float', possible loss of data
reverse.cpp(1163,30): warning C4244: 'argument': conversion from 'double' to 'float', possible loss of data
reverse.cpp(1163,19): warning C4244: 'argument': conversion from 'double' to 'float', possible loss of data
reverse.cpp(1078,10): warning C4189: 'BoxHeight': local variable is initialized but not referenced
reverse.cpp(1376,23): warning C4244: '=': conversion from 'LONG' to 'float', possible loss of data
reverse.cpp(1377,23): warning C4244: '=': conversion from 'LONG' to 'float', possible loss of data
reverse.cpp(1440,42): warning C4459: declaration of 'Message' hides global declaration
reverse.cpp(1334,5): message : see declaration of 'Message'
C:\Users\cody\OneDrive\Desktop\reverse.cc free\reverse\xor.hpp(224,33): warning C4244: '=': conversion from 'int' to 'char', possible loss of data
C:\Users\cody\OneDrive\Desktop\reverse.cc free\reverse\xor.hpp(222,1): message : while compiling class template member function 'char *CXorString<IndexList<0,1,2,3,4,5,6,7,8,9,10>>::decrypt(void)'
reverse.cpp(1300,17): message : see reference to function template instantiation 'char *CXorString<IndexList<0,1,2,3,4,5,6,7,8,9,10>>::decrypt(void)' being compiled
reverse.cpp(1299,4): message : see reference to class template instantiation 'CXorString<IndexList<0,1,2,3,4,5,6,7,8,9,10>>' being compiled
C:\Users\cody\OneDrive\Desktop\reverse.cc free\reverse\ud.h(68,24): warning C4505: 'MouseController::Move_Mouse': unreferenced function with internal linkage has been removed
reverse.cpp(545,22): warning C4505: '_GetProcessId': unreferenced function with internal linkage has been removed
reverse.cpp(952,13): warning C4505: 'DrawCircleFilled': unreferenced function with internal linkage has been removed
  Generating code
  29 of 2456 functions ( 1.2%) were compiled, the rest were copied from previous compilation.
    0 functions were new in current compilation
    45 functions had inline decision re-evaluated but remain unchanged
  Finished generating code
  reverse.vcxproj -> C:\Users\cody\OneDrive\Desktop\reverse.cc free\x64\Release\ReversePremium.exe
