c:\users\cody\onedrive\desktop\reverse.cc free\reverse\x64\release\vc143.pdb
c:\users\cody\onedrive\desktop\reverse.cc free\reverse\x64\release\reverse.obj
c:\users\cody\onedrive\desktop\reverse.cc free\reverse\x64\release\rat.obj
c:\users\cody\onedrive\desktop\reverse.cc free\reverse\x64\release\imgui_widgets.obj
c:\users\cody\onedrive\desktop\reverse.cc free\reverse\x64\release\imgui_impl_win32.obj
c:\users\cody\onedrive\desktop\reverse.cc free\reverse\x64\release\imgui_impl_dx9.obj
c:\users\cody\onedrive\desktop\reverse.cc free\reverse\x64\release\imgui_draw.obj
c:\users\cody\onedrive\desktop\reverse.cc free\reverse\x64\release\imgui.obj
c:\users\cody\onedrive\desktop\reverse.cc free\reverse\x64\release\imgui_animated.obj
c:\users\cody\onedrive\desktop\reverse.cc free\x64\release\reversepremium.exe
c:\users\cody\onedrive\desktop\reverse.cc free\reverse\x64\release\reversepremium.ipdb
c:\users\cody\onedrive\desktop\reverse.cc free\reverse\x64\release\reversepremium.iobj
c:\users\cody\onedrive\desktop\reverse.cc free\reverse\x64\release\hagsendalen.ipdb
c:\users\cody\onedrive\desktop\reverse.cc free\reverse\x64\release\hagsendalen.iobj
c:\users\cody\onedrive\desktop\reverse.cc free\reverse\x64\release\reverse.res
c:\users\cody\onedrive\desktop\reverse.cc free\reverse\x64\release\vc142.pdb
c:\users\cody\onedrive\desktop\reverse.cc free\reverse\x64\release\reverse.tlog\cl.command.1.tlog
c:\users\cody\onedrive\desktop\reverse.cc free\reverse\x64\release\reverse.tlog\cl.read.1.tlog
c:\users\cody\onedrive\desktop\reverse.cc free\reverse\x64\release\reverse.tlog\cl.write.1.tlog
c:\users\cody\onedrive\desktop\reverse.cc free\reverse\x64\release\reverse.tlog\link.command.1.tlog
c:\users\cody\onedrive\desktop\reverse.cc free\reverse\x64\release\reverse.tlog\link.read.1.tlog
c:\users\cody\onedrive\desktop\reverse.cc free\reverse\x64\release\reverse.tlog\link.write.1.tlog
c:\users\cody\onedrive\desktop\reverse.cc free\reverse\x64\release\reverse.tlog\rc.command.1.tlog
c:\users\cody\onedrive\desktop\reverse.cc free\reverse\x64\release\reverse.tlog\rc.read.1.tlog
c:\users\cody\onedrive\desktop\reverse.cc free\reverse\x64\release\reverse.tlog\rc.write.1.tlog
